<?xml version="1.0" encoding="UTF-8"?>
<!-- Generated by org.testng.reporters.JUnitXMLReporter -->
<testsuite ignored="0" hostname="ShreyasAmin" failures="0" tests="2" name="SubmitOrder Test" time="16.028" errors="0" timestamp="2024-03-26T05:30:06 IST">
  <testcase classname="EcomAutomation.SeleniumFD.Tests.SubmitOrderTest" name="SubmitOrder" time="3.917"/>
  <testcase classname="EcomAutomation.SeleniumFD.Tests.SubmitOrderTest" name="SubmitOrder" time="4.624"/>
</testsuite> <!-- SubmitOrder Test -->
