<?xml version="1.0" encoding="UTF-8"?>
<!-- Generated by org.testng.reporters.JUnitXMLReporter -->
<testsuite ignored="0" hostname="ShreyasAmin" failures="0" tests="2" name="SubmitOrder Test" time="14.74" errors="0" timestamp="2024-03-16T23:37:43 IST">
  <testcase classname="EcomAutomation.SeleniumFD.Tests.SubmitOrderTest" name="SubmitOrder" time="3.096"/>
  <testcase classname="EcomAutomation.SeleniumFD.Tests.SubmitOrderTest" name="SubmitOrder" time="2.875"/>
</testsuite> <!-- SubmitOrder Test -->
