<?xml version="1.0" encoding="UTF-8"?>
<testng-results ignored="0" total="3" passed="3" failed="0" skipped="0">
  <reporter-output>
  </reporter-output>
  <suite started-at="2024-03-16T23:37:29 IST" name="Suite" finished-at="2024-03-16T23:37:43 IST" duration-ms="14740">
    <groups>
      <group name="purchase">
        <method signature="SubmitOrderTest.SubmitOrder(java.util.HashMap)[pri:0, instance:EcomAutomation.SeleniumFD.Tests.SubmitOrderTest@3fffff43]" name="SubmitOrder" class="EcomAutomation.SeleniumFD.Tests.SubmitOrderTest"/>
      </group> <!-- purchase -->
    </groups>
    <test started-at="2024-03-16T23:37:29 IST" name="Error Validation Test" finished-at="2024-03-16T23:37:34 IST" duration-ms="5876">
      <class name="EcomAutomation.SeleniumFD.Tests.ErrorValidation">
        <test-method is-config="true" signature="lauchApplication()[pri:0, instance:EcomAutomation.SeleniumFD.Tests.ErrorValidation@207ea13]" started-at="2024-03-16T23:37:29 IST" name="lauchApplication" finished-at="2024-03-16T23:37:34 IST" duration-ms="5144" status="PASS">
          <reporter-output>
          </reporter-output>
        </test-method> <!-- lauchApplication -->
        <test-method signature="loginErrorValidation()[pri:0, instance:EcomAutomation.SeleniumFD.Tests.ErrorValidation@207ea13]" started-at="2024-03-16T23:37:34 IST" name="loginErrorValidation" finished-at="2024-03-16T23:37:34 IST" duration-ms="616" status="PASS">
          <reporter-output>
          </reporter-output>
        </test-method> <!-- loginErrorValidation -->
        <test-method is-config="true" signature="closeTheBrowser()[pri:0, instance:EcomAutomation.SeleniumFD.Tests.ErrorValidation@207ea13]" started-at="2024-03-16T23:37:34 IST" name="closeTheBrowser" finished-at="2024-03-16T23:37:34 IST" duration-ms="55" status="PASS">
          <reporter-output>
          </reporter-output>
        </test-method> <!-- closeTheBrowser -->
      </class> <!-- EcomAutomation.SeleniumFD.Tests.ErrorValidation -->
    </test> <!-- Error Validation Test -->
    <test started-at="2024-03-16T23:37:29 IST" name="SubmitOrder Test" finished-at="2024-03-16T23:37:43 IST" duration-ms="14740">
      <class name="EcomAutomation.SeleniumFD.Tests.SubmitOrderTest">
        <test-method is-config="true" signature="lauchApplication()[pri:0, instance:EcomAutomation.SeleniumFD.Tests.SubmitOrderTest@3fffff43]" started-at="2024-03-16T23:37:29 IST" name="lauchApplication" finished-at="2024-03-16T23:37:34 IST" duration-ms="5105" status="PASS">
          <reporter-output>
          </reporter-output>
        </test-method> <!-- lauchApplication -->
        <test-method signature="SubmitOrder(java.util.HashMap)[pri:0, instance:EcomAutomation.SeleniumFD.Tests.SubmitOrderTest@3fffff43]" started-at="2024-03-16T23:37:34 IST" name="SubmitOrder" data-provider="getHashData" finished-at="2024-03-16T23:37:37 IST" duration-ms="3096" status="PASS">
          <params>
            <param index="0">
              <value>
                <![CDATA[{password=Demo123!, email=demoshreyas39@mail.com, productName=ADIDAS ORIGINAL}]]>
              </value>
            </param>
          </params>
          <reporter-output>
          </reporter-output>
        </test-method> <!-- SubmitOrder -->
        <test-method is-config="true" signature="closeTheBrowser()[pri:0, instance:EcomAutomation.SeleniumFD.Tests.SubmitOrderTest@3fffff43]" started-at="2024-03-16T23:37:37 IST" name="closeTheBrowser" finished-at="2024-03-16T23:37:37 IST" duration-ms="21" status="PASS">
          <reporter-output>
          </reporter-output>
        </test-method> <!-- closeTheBrowser -->
        <test-method is-config="true" signature="lauchApplication()[pri:0, instance:EcomAutomation.SeleniumFD.Tests.SubmitOrderTest@3fffff43]" started-at="2024-03-16T23:37:37 IST" name="lauchApplication" finished-at="2024-03-16T23:37:40 IST" duration-ms="3555" status="PASS">
          <reporter-output>
          </reporter-output>
        </test-method> <!-- lauchApplication -->
        <test-method signature="SubmitOrder(java.util.HashMap)[pri:0, instance:EcomAutomation.SeleniumFD.Tests.SubmitOrderTest@3fffff43]" started-at="2024-03-16T23:37:40 IST" name="SubmitOrder" data-provider="getHashData" finished-at="2024-03-16T23:37:43 IST" duration-ms="2875" status="PASS">
          <params>
            <param index="0">
              <value>
                <![CDATA[{password=Demo1234!, email=demoshreyas69@mail.com, productName=IPHONE 13 PRO}]]>
              </value>
            </param>
          </params>
          <reporter-output>
          </reporter-output>
        </test-method> <!-- SubmitOrder -->
        <test-method is-config="true" signature="closeTheBrowser()[pri:0, instance:EcomAutomation.SeleniumFD.Tests.SubmitOrderTest@3fffff43]" started-at="2024-03-16T23:37:43 IST" name="closeTheBrowser" finished-at="2024-03-16T23:37:43 IST" duration-ms="21" status="PASS">
          <reporter-output>
          </reporter-output>
        </test-method> <!-- closeTheBrowser -->
      </class> <!-- EcomAutomation.SeleniumFD.Tests.SubmitOrderTest -->
    </test> <!-- SubmitOrder Test -->
  </suite> <!-- Suite -->
</testng-results>
